0 info it worked if it ends with ok
1 verbose cli [ '/Users/hello/.nvm/v0.10.25/bin/node',
1 verbose cli   '/Users/hello/.nvm/v0.10.25/bin/npm',
1 verbose cli   'install',
1 verbose cli   'fs',
1 verbose cli   '--save' ]
2 info using npm@1.3.24
3 info using node@v0.10.25
4 verbose readDependencies using package.json deps
5 verbose cache add [ 'fs', null ]
6 verbose cache add name=undefined spec="fs" args=["fs",null]
7 verbose parsed url { protocol: null,
7 verbose parsed url   slashes: null,
7 verbose parsed url   auth: null,
7 verbose parsed url   host: null,
7 verbose parsed url   port: null,
7 verbose parsed url   hostname: null,
7 verbose parsed url   hash: null,
7 verbose parsed url   search: null,
7 verbose parsed url   query: null,
7 verbose parsed url   pathname: 'fs',
7 verbose parsed url   path: 'fs',
7 verbose parsed url   href: 'fs' }
8 silly lockFile 3f4bb586-fs fs
9 verbose lock fs /Users/hello/.npm/3f4bb586-fs.lock
10 silly lockFile 3f4bb586-fs fs
11 silly lockFile 3f4bb586-fs fs
12 verbose addNamed [ 'fs', '' ]
13 verbose addNamed [ null, '*' ]
14 silly lockFile a107b96b-fs fs@
15 verbose lock fs@ /Users/hello/.npm/a107b96b-fs.lock
16 silly addNameRange { name: 'fs', range: '*', hasData: false }
17 verbose url raw fs
18 verbose url resolving [ 'https://registry.npmjs.org/', './fs' ]
19 verbose url resolved https://registry.npmjs.org/fs
20 info trying registry request attempt 1 at 23:31:05
21 http GET https://registry.npmjs.org/fs
22 http 404 https://registry.npmjs.org/fs
23 silly registry.get cb [ 404,
23 silly registry.get   { date: 'Tue, 29 Jul 2014 03:31:06 GMT',
23 silly registry.get     server: 'CouchDB/1.5.0 (Erlang OTP/R16B03)',
23 silly registry.get     etag: '"5BQZWWEVHQEXWCPP0V3B1TODR"',
23 silly registry.get     'content-type': 'application/json',
23 silly registry.get     'cache-control': 'max-age=0',
23 silly registry.get     'content-length': '397',
23 silly registry.get     'accept-ranges': 'bytes',
23 silly registry.get     via: '1.1 varnish',
23 silly registry.get     age: '0',
23 silly registry.get     'x-served-by': 'cache-iad2124-IAD',
23 silly registry.get     'x-cache': 'MISS',
23 silly registry.get     'x-cache-hits': '0',
23 silly registry.get     'x-timer': 'S1406604666.347355,VS0,VE451',
23 silly registry.get     vary: 'Accept',
23 silly registry.get     'keep-alive': 'timeout=10, max=50',
23 silly registry.get     connection: 'Keep-Alive' } ]
24 silly addNameRange number 2 { name: 'fs', range: '*', hasData: true }
25 silly addNameRange versions [ 'fs', [] ]
26 error TypeError: Cannot read property 'latest' of undefined
26 error     at next (/Users/hello/.nvm/v0.10.25/lib/node_modules/npm/lib/cache.js:692:35)
26 error     at /Users/hello/.nvm/v0.10.25/lib/node_modules/npm/lib/cache.js:680:5
26 error     at saved (/Users/hello/.nvm/v0.10.25/lib/node_modules/npm/node_modules/npm-registry-client/lib/get.js:142:7)
26 error     at /Users/hello/.nvm/v0.10.25/lib/node_modules/npm/node_modules/graceful-fs/polyfills.js:133:7
26 error     at Object.oncomplete (fs.js:107:15)
27 error If you need help, you may report this *entire* log,
27 error including the npm and node versions, at:
27 error     <http://github.com/isaacs/npm/issues>
28 error System Darwin 13.3.0
29 error command "/Users/hello/.nvm/v0.10.25/bin/node" "/Users/hello/.nvm/v0.10.25/bin/npm" "install" "fs" "--save"
30 error cwd /Users/hello/MediaFire/dev/conception
31 error node -v v0.10.25
32 error npm -v 1.3.24
33 error type non_object_property_load
34 verbose exit [ 1, true ]
